<?xml version="1.0" encoding="UTF-8"?>
<!-- Generated by org.testng.reporters.JUnitReportReporter -->
<testsuite name="Test.Sample_Maven_Project01.AppTest" tests="1" time="0.004" ignored="0" failures="0" timestamp="09 Dec 2021 09:36:40 GMT" skipped="0" hostname="DESKTOP-L3CQLB4" errors="0">
  <testcase name="shouldAnswerWithTrue" time="0.004" classname="Test.Sample_Maven_Project01.AppTest"/>
</testsuite> <!-- Test.Sample_Maven_Project01.AppTest -->
