<?xml version="1.0" encoding="UTF-8"?>
<!-- Generated by org.testng.reporters.JUnitReportReporter -->
<testsuite name="Sample_Maven_Project_ELF25.LoginTest" tests="1" time="7.071" ignored="0" failures="0" timestamp="09 Dec 2021 12:16:57 GMT" skipped="0" hostname="DESKTOP-L3CQLB4" errors="0">
  <testcase name="TC01" time="7.071" classname="Sample_Maven_Project_ELF25.LoginTest"/>
</testsuite> <!-- Sample_Maven_Project_ELF25.LoginTest -->
