<?xml version="1.0" encoding="UTF-8"?>
<!-- Generated by org.testng.reporters.JUnitReportReporter -->
<testsuite name="Test.Sample_Maven_Project01.TC01Test" tests="4" time="0.012" ignored="0" failures="0" timestamp="09 Dec 2021 10:05:02 GMT" skipped="0" hostname="DESKTOP-L3CQLB4" errors="0">
  <testcase name="flipcartfashion" time="0.001" classname="Test.Sample_Maven_Project01.TC01Test"/>
  <testcase name="meeshofashion" time="0.000" classname="Test.Sample_Maven_Project01.TC01Test"/>
  <testcase name="myntrafashion" time="0.000" classname="Test.Sample_Maven_Project01.TC01Test"/>
  <testcase name="amazonfashion" time="0.011" classname="Test.Sample_Maven_Project01.TC01Test"/>
</testsuite> <!-- Test.Sample_Maven_Project01.TC01Test -->
